app/build/outputs/logs/manifest-merger-debug-report.txt
-- Merging decision tree log ---
manifest
ADDED from src\main\AndroidManifest.xml:2:1-172:12
	package
		ADDED from src\main\AndroidManifest.xml:3:5-30
		INJECTED from src\main\AndroidManifest.xml
		INJECTED from src\main\AndroidManifest.xml
	android:versionName
		ADDED from src\main\AndroidManifest.xml:5:5-30
		INJECTED from src\main\AndroidManifest.xml
		INJECTED from src\main\AndroidManifest.xml
	android:versionCode
		ADDED from src\main\AndroidManifest.xml:4:5-28
		INJECTED from src\main\AndroidManifest.xml
		INJECTED from src\main\AndroidManifest.xml
	xmlns:android
		ADDED from src\main\AndroidManifest.xml:2:11-69
uses-permission#android.permission.INTERNET
ADDED from src\main\AndroidManifest.xml:7:5-67
	android:name
		ADDED from src\main\AndroidManifest.xml:7:22-64
uses-permission#android.permission.ACCESS_NETWORK_STATE
ADDED from src\main\AndroidManifest.xml:8:5-79
	android:name
		ADDED from src\main\AndroidManifest.xml:8:22-76
uses-permission#android.permission.ACCESS_FINE_LOCATION
ADDED from src\main\AndroidManifest.xml:9:5-78
	android:name
		ADDED from src\main\AndroidManifest.xml:9:22-76
uses-permission#android.permission.ACCESS_COARSE_LOCATION
ADDED from src\main\AndroidManifest.xml:10:5-80
	android:name
		ADDED from src\main\AndroidManifest.xml:10:22-78
uses-sdk
ADDED from src\main\AndroidManifest.xml:12:5-14:41
MERGED from [com.android.support:gridlayout-v7:18.0.0] AndroidManifest.xml:18:5-42
	android:targetSdkVersion
		ADDED from src\main\AndroidManifest.xml:14:9-38
		INJECTED from src\main\AndroidManifest.xml
		INJECTED from src\main\AndroidManifest.xml
	android:minSdkVersion
		ADDED from src\main\AndroidManifest.xml:13:9-35
		INJECTED from src\main\AndroidManifest.xml
		INJECTED from src\main\AndroidManifest.xml
application
ADDED from src\main\AndroidManifest.xml:16:5-170:19
MERGED from [com.android.support:gridlayout-v7:18.0.0] AndroidManifest.xml:19:5-20
	android:label
		ADDED from src\main\AndroidManifest.xml:18:9-41
	android:icon
		ADDED from src\main\AndroidManifest.xml:17:9-45
	android:theme
		ADDED from src\main\AndroidManifest.xml:19:9-40
activity#dsm.ventas_desa.Login
ADDED from src\main\AndroidManifest.xml:20:9-29:20
	android:screenOrientation
		ADDED from src\main\AndroidManifest.xml:23:13-49
	android:label
		ADDED from src\main\AndroidManifest.xml:22:13-57
	android:name
		ADDED from src\main\AndroidManifest.xml:21:13-49
intent-filter#android.intent.action.MAIN+android.intent.category.LAUNCHER
ADDED from src\main\AndroidManifest.xml:24:13-28:29
action#android.intent.action.MAIN
ADDED from src\main\AndroidManifest.xml:25:17-69
	android:name
		ADDED from src\main\AndroidManifest.xml:25:25-66
category#android.intent.category.LAUNCHER
ADDED from src\main\AndroidManifest.xml:27:17-77
	android:name
		ADDED from src\main\AndroidManifest.xml:27:27-74
activity#dsm.ventas_desa.Principal
ADDED from src\main\AndroidManifest.xml:30:9-34:20
	android:screenOrientation
		ADDED from src\main\AndroidManifest.xml:33:13-49
	android:label
		ADDED from src\main\AndroidManifest.xml:32:13-61
	android:name
		ADDED from src\main\AndroidManifest.xml:31:13-53
activity#dsm.ventas_desa.Sincronizacion
ADDED from src\main\AndroidManifest.xml:35:9-39:20
	android:screenOrientation
		ADDED from src\main\AndroidManifest.xml:38:13-49
	android:label
		ADDED from src\main\AndroidManifest.xml:37:13-66
	android:name
		ADDED from src\main\AndroidManifest.xml:36:13-58
activity#dsm.ventas_desa.Clientes
ADDED from src\main\AndroidManifest.xml:40:9-44:20
	android:screenOrientation
		ADDED from src\main\AndroidManifest.xml:43:13-49
	android:label
		ADDED from src\main\AndroidManifest.xml:42:13-60
	android:name
		ADDED from src\main\AndroidManifest.xml:41:13-52
activity#dsm.ventas_desa.Nuevo_Cliente
ADDED from src\main\AndroidManifest.xml:45:9-49:20
	android:screenOrientation
		ADDED from src\main\AndroidManifest.xml:48:13-49
	android:label
		ADDED from src\main\AndroidManifest.xml:47:13-66
	android:name
		ADDED from src\main\AndroidManifest.xml:46:13-57
activity#dsm.ventas_desa.Venta
ADDED from src\main\AndroidManifest.xml:50:9-54:20
	android:screenOrientation
		ADDED from src\main\AndroidManifest.xml:53:13-49
	android:label
		ADDED from src\main\AndroidManifest.xml:52:13-75
	android:name
		ADDED from src\main\AndroidManifest.xml:51:13-49
activity#dsm.ventas_desa.Resumen
ADDED from src\main\AndroidManifest.xml:55:9-59:20
	android:screenOrientation
		ADDED from src\main\AndroidManifest.xml:58:13-49
	android:label
		ADDED from src\main\AndroidManifest.xml:57:13-59
	android:name
		ADDED from src\main\AndroidManifest.xml:56:13-51
activity#dsm.ventas_desa.Listado_Clientes
ADDED from src\main\AndroidManifest.xml:60:9-64:20
	android:screenOrientation
		ADDED from src\main\AndroidManifest.xml:63:13-49
	android:label
		ADDED from src\main\AndroidManifest.xml:62:13-69
	android:name
		ADDED from src\main\AndroidManifest.xml:61:13-60
activity#dsm.ventas_desa.Ver_Cliente
ADDED from src\main\AndroidManifest.xml:65:9-69:20
	android:screenOrientation
		ADDED from src\main\AndroidManifest.xml:68:13-49
	android:label
		ADDED from src\main\AndroidManifest.xml:67:13-64
	android:name
		ADDED from src\main\AndroidManifest.xml:66:13-55
activity#dsm.ventas_desa.VerCliente2
ADDED from src\main\AndroidManifest.xml:70:9-74:20
	android:screenOrientation
		ADDED from src\main\AndroidManifest.xml:73:13-49
	android:label
		ADDED from src\main\AndroidManifest.xml:72:13-64
	android:name
		ADDED from src\main\AndroidManifest.xml:71:13-55
activity#dsm.ventas_desa.VerDetalle3
ADDED from src\main\AndroidManifest.xml:75:9-79:20
	android:screenOrientation
		ADDED from src\main\AndroidManifest.xml:78:13-49
	android:label
		ADDED from src\main\AndroidManifest.xml:77:13-64
	android:name
		ADDED from src\main\AndroidManifest.xml:76:13-55
activity#dsm.ventas_desa.VerDetalle2
ADDED from src\main\AndroidManifest.xml:80:9-84:20
	android:screenOrientation
		ADDED from src\main\AndroidManifest.xml:83:13-49
	android:label
		ADDED from src\main\AndroidManifest.xml:82:13-64
	android:name
		ADDED from src\main\AndroidManifest.xml:81:13-55
activity#dsm.ventas_desa.Ver_Detalle
ADDED from src\main\AndroidManifest.xml:85:9-89:20
	android:screenOrientation
		ADDED from src\main\AndroidManifest.xml:88:13-49
	android:label
		ADDED from src\main\AndroidManifest.xml:87:13-64
	android:name
		ADDED from src\main\AndroidManifest.xml:86:13-55
activity#dsm.ventas_desa.Venta_En_Ruta
ADDED from src\main\AndroidManifest.xml:90:9-94:20
	android:screenOrientation
		ADDED from src\main\AndroidManifest.xml:93:13-49
	android:label
		ADDED from src\main\AndroidManifest.xml:92:13-67
	android:name
		ADDED from src\main\AndroidManifest.xml:91:13-57
activity#dsm.ventas_desa.Venta_No_Ruta
ADDED from src\main\AndroidManifest.xml:95:9-99:20
	android:screenOrientation
		ADDED from src\main\AndroidManifest.xml:98:13-49
	android:label
		ADDED from src\main\AndroidManifest.xml:97:13-67
	android:name
		ADDED from src\main\AndroidManifest.xml:96:13-57
activity#dsm.ventas_desa.Insertar_Ruta
ADDED from src\main\AndroidManifest.xml:100:9-104:20
	android:screenOrientation
		ADDED from src\main\AndroidManifest.xml:103:13-49
	android:label
		ADDED from src\main\AndroidManifest.xml:102:13-66
	android:name
		ADDED from src\main\AndroidManifest.xml:101:13-57
activity#dsm.ventas_desa.Informar_NO_VENTA
ADDED from src\main\AndroidManifest.xml:105:9-109:20
	android:screenOrientation
		ADDED from src\main\AndroidManifest.xml:108:13-49
	android:label
		ADDED from src\main\AndroidManifest.xml:107:13-70
	android:name
		ADDED from src\main\AndroidManifest.xml:106:13-61
activity#dsm.ventas_desa.Inicio_Venta
ADDED from src\main\AndroidManifest.xml:110:9-114:20
	android:screenOrientation
		ADDED from src\main\AndroidManifest.xml:113:13-50
	android:label
		ADDED from src\main\AndroidManifest.xml:112:13-65
	android:name
		ADDED from src\main\AndroidManifest.xml:111:13-56
activity#dsm.ventas_desa.Seleccionar_Producto
ADDED from src\main\AndroidManifest.xml:115:9-119:20
	android:screenOrientation
		ADDED from src\main\AndroidManifest.xml:118:13-50
	android:label
		ADDED from src\main\AndroidManifest.xml:117:13-73
	android:name
		ADDED from src\main\AndroidManifest.xml:116:13-64
activity#dsm.ventas_desa.Seleccionar_Cantidad
ADDED from src\main\AndroidManifest.xml:120:9-124:20
	android:screenOrientation
		ADDED from src\main\AndroidManifest.xml:123:13-50
	android:label
		ADDED from src\main\AndroidManifest.xml:122:13-73
	android:name
		ADDED from src\main\AndroidManifest.xml:121:13-64
activity#dsm.ventas_desa.Finalizar_Venta
ADDED from src\main\AndroidManifest.xml:125:9-129:20
	android:screenOrientation
		ADDED from src\main\AndroidManifest.xml:128:13-50
	android:label
		ADDED from src\main\AndroidManifest.xml:127:13-68
	android:name
		ADDED from src\main\AndroidManifest.xml:126:13-59
activity#dsm.ventas_desa.Pedidos
ADDED from src\main\AndroidManifest.xml:130:9-133:20
	android:label
		ADDED from src\main\AndroidManifest.xml:132:13-59
	android:name
		ADDED from src\main\AndroidManifest.xml:131:13-51
activity#dsm.ventas_desa.VerCliente3
ADDED from src\main\AndroidManifest.xml:134:9-137:20
	android:label
		ADDED from src\main\AndroidManifest.xml:136:13-64
	android:name
		ADDED from src\main\AndroidManifest.xml:135:13-55
activity#dsm.ventas_desa.MenuCenso
ADDED from src\main\AndroidManifest.xml:138:9-141:20
	android:label
		ADDED from src\main\AndroidManifest.xml:140:13-57
	android:name
		ADDED from src\main\AndroidManifest.xml:139:13-53
activity#dsm.ventas_desa.Envio_Censo
ADDED from src\main\AndroidManifest.xml:142:9-145:20
	android:label
		ADDED from src\main\AndroidManifest.xml:144:13-57
	android:name
		ADDED from src\main\AndroidManifest.xml:143:13-55
activity#dsm.ventas_desa.Clientes_Censo
ADDED from src\main\AndroidManifest.xml:146:9-149:20
	android:label
		ADDED from src\main\AndroidManifest.xml:148:13-57
	android:name
		ADDED from src\main\AndroidManifest.xml:147:13-58
activity#dsm.ventas_desa.Listado_Censo
ADDED from src\main\AndroidManifest.xml:150:9-153:20
	android:label
		ADDED from src\main\AndroidManifest.xml:152:13-57
	android:name
		ADDED from src\main\AndroidManifest.xml:151:13-57
activity#dsm.ventas_desa.Inicio_Censo
ADDED from src\main\AndroidManifest.xml:154:9-157:20
	android:label
		ADDED from src\main\AndroidManifest.xml:156:13-57
	android:name
		ADDED from src\main\AndroidManifest.xml:155:13-56
activity#dsm.ventas_desa.Censo
ADDED from src\main\AndroidManifest.xml:158:9-161:20
	android:label
		ADDED from src\main\AndroidManifest.xml:160:13-57
	android:name
		ADDED from src\main\AndroidManifest.xml:159:13-49
activity#dsm.ventas_desa.Finalizar_Censo
ADDED from src\main\AndroidManifest.xml:162:9-165:20
	android:label
		ADDED from src\main\AndroidManifest.xml:164:13-57
	android:name
		ADDED from src\main\AndroidManifest.xml:163:13-59
activity#dsm.ventas_desa.Estadistica
ADDED from src\main\AndroidManifest.xml:166:9-169:20
	android:label
		ADDED from src\main\AndroidManifest.xml:168:13-57
	android:name
		ADDED from src\main\AndroidManifest.xml:167:13-55